<?xml version="1.0" encoding="UTF-8"?>
<!-- Generated by org.testng.reporters.JUnitReportReporter -->
<testsuite hostname="DESKTOP-BJ01NN1" failures="0" tests="3" name="parameterization.TestParameterization" time="0.016" errors="0" timestamp="2020-02-19T18:47:10 EST" skipped="0">
  <testcase classname="parameterization.TestParameterization" name="doLogin" time="0.016"/>
  <system-out/>
  <testcase classname="parameterization.TestParameterization" name="doLogin" time="0.000"/>
  <system-out/>
  <testcase classname="parameterization.TestParameterization" name="doLogin" time="0.000"/>
  <system-out/>
</testsuite> <!-- parameterization.TestParameterization -->
