<?xml version="1.0" encoding="UTF-8"?>
<!-- Generated by org.testng.reporters.JUnitReportReporter -->
<testsuite hostname="DESKTOP-BJ01NN1" failures="0" tests="2" name="parallelTest.TestBrowser" time="4.080" errors="0" timestamp="2020-02-19T16:40:46 EST" skipped="0">
  <testcase classname="parallelTest.TestBrowser" name="doLogin" time="2.040"/>
  <system-out/>
  <testcase classname="parallelTest.TestBrowser" name="doLogin" time="2.040"/>
  <system-out/>
</testsuite> <!-- parallelTest.TestBrowser -->
