<?xml version="1.0" encoding="UTF-8"?>
<!-- Generated by org.testng.reporters.JUnitReportReporter -->
<testsuite hostname="DESKTOP-BJ01NN1" failures="0" tests="2" name="testcases.TestCase1" time="0.010" errors="0" timestamp="2020-02-18T17:18:55 EST" skipped="0">
  <testcase classname="testcases.TestCase1" name="doUserReg" time="0.010"/>
  <system-out/>
  <testcase classname="testcases.TestCase1" name="doLogin" time="0.000"/>
  <system-out/>
</testsuite> <!-- testcases.TestCase1 -->
