<?xml version="1.0" encoding="UTF-8"?>
<!-- Generated by org.testng.reporters.JUnitReportReporter -->
<testsuite hostname="DESKTOP-BJ01NN1" failures="0" tests="2" name="parallelTest.TestParallelDP" time="4.066" errors="0" timestamp="2020-02-19T18:49:53 EST" skipped="0">
  <testcase classname="parallelTest.TestParallelDP" name="doLogin" time="2.033"/>
  <system-out/>
  <testcase classname="parallelTest.TestParallelDP" name="doLogin" time="2.033"/>
  <system-out/>
</testsuite> <!-- parallelTest.TestParallelDP -->
