<?xml version="1.0" encoding="UTF-8"?>
<!-- Generated by org.testng.reporters.JUnitReportReporter -->
<testsuite hostname="DESKTOP-BJ01NN1" failures="0" tests="2" name="parameterization.TestParametersFromXML" time="0.000" errors="0" timestamp="2020-02-19T18:48:30 EST" skipped="0">
  <testcase classname="parameterization.TestParametersFromXML" name="getBrowser" time="0.000"/>
  <system-out/>
  <testcase classname="parameterization.TestParametersFromXML" name="getBrowser" time="0.000"/>
  <system-out/>
</testsuite> <!-- parameterization.TestParametersFromXML -->
