<?xml version="1.0" encoding="UTF-8"?>
<!-- Generated by org.testng.reporters.JUnitReportReporter -->
<testsuite hostname="DESKTOP-BJ01NN1" failures="0" tests="2" name="regression.TestCase1" time="0.010" errors="0" timestamp="2020-02-19T16:41:09 EST" skipped="0">
  <testcase classname="regression.TestCase1" name="doUserReg" time="0.000"/>
  <system-out/>
  <testcase classname="regression.TestCase1" name="doLogin" time="0.010"/>
  <system-out/>
</testsuite> <!-- regression.TestCase1 -->
